2023-11-28T10:45:15.762+05:30  INFO 13600 --- [restartedMain] c.api.gateway.poc.ApiGatewayApplication  : Starting ApiGatewayApplication using Java 17.0.8 with PID 13600 (C:\Users\Optimum.DESKTOP-5E11VK4\Ravi\Workspace\POC-V3\api-gateway\target\classes started by Optimum in C:\Users\Optimum.DESKTOP-5E11VK4\Ravi\Workspace\POC-V3\api-gateway)
2023-11-28T10:45:15.769+05:30  INFO 13600 --- [restartedMain] c.api.gateway.poc.ApiGatewayApplication  : No active profile set, falling back to 1 default profile: "default"
2023-11-28T10:45:15.834+05:30  INFO 13600 --- [restartedMain] .e.DevToolsPropertyDefaultsPostProcessor : Devtools property defaults active! Set 'spring.devtools.add-properties' to 'false' to disable
2023-11-28T10:45:15.834+05:30  INFO 13600 --- [restartedMain] .e.DevToolsPropertyDefaultsPostProcessor : For additional web related logging consider setting the 'logging.level.web' property to 'DEBUG'
2023-11-28T10:45:17.200+05:30  INFO 13600 --- [restartedMain] o.s.cloud.context.scope.GenericScope     : BeanFactory id=1b715a58-f106-3a06-a799-6a9b353db657
2023-11-28T10:45:17.234+05:30  INFO 13600 --- [restartedMain] trationDelegate$BeanPostProcessorChecker : Bean 'com.api.gateway.poc.feign.EmployeeFeignClient' of type [org.springframework.cloud.openfeign.FeignClientFactoryBean] is not eligible for getting processed by all BeanPostProcessors (for example: not eligible for auto-proxying)
2023-11-28T10:45:17.236+05:30  INFO 13600 --- [restartedMain] trationDelegate$BeanPostProcessorChecker : Bean 'com.api.gateway.poc.feign.LeaveFeignClient' of type [org.springframework.cloud.openfeign.FeignClientFactoryBean] is not eligible for getting processed by all BeanPostProcessors (for example: not eligible for auto-proxying)
2023-11-28T10:45:17.578+05:30  INFO 13600 --- [restartedMain] o.s.b.w.embedded.tomcat.TomcatWebServer  : Tomcat initialized with port(s): 9191 (http)
2023-11-28T10:45:17.589+05:30  INFO 13600 --- [restartedMain] o.apache.catalina.core.StandardService   : Starting service [Tomcat]
2023-11-28T10:45:17.591+05:30  INFO 13600 --- [restartedMain] o.apache.catalina.core.StandardEngine    : Starting Servlet engine: [Apache Tomcat/10.1.15]
2023-11-28T10:45:18.093+05:30  WARN 13600 --- [restartedMain] o.s.b.d.a.OptionalLiveReloadServer       : Unable to start LiveReload server
2023-11-28T10:45:18.767+05:30  INFO 13600 --- [restartedMain] o.s.c.g.r.RouteDefinitionRouteLocator    : Loaded RoutePredicateFactory [After]
2023-11-28T10:45:18.767+05:30  INFO 13600 --- [restartedMain] o.s.c.g.r.RouteDefinitionRouteLocator    : Loaded RoutePredicateFactory [Before]
2023-11-28T10:45:18.768+05:30  INFO 13600 --- [restartedMain] o.s.c.g.r.RouteDefinitionRouteLocator    : Loaded RoutePredicateFactory [Between]
2023-11-28T10:45:18.768+05:30  INFO 13600 --- [restartedMain] o.s.c.g.r.RouteDefinitionRouteLocator    : Loaded RoutePredicateFactory [Cookie]
2023-11-28T10:45:18.768+05:30  INFO 13600 --- [restartedMain] o.s.c.g.r.RouteDefinitionRouteLocator    : Loaded RoutePredicateFactory [Header]
2023-11-28T10:45:18.768+05:30  INFO 13600 --- [restartedMain] o.s.c.g.r.RouteDefinitionRouteLocator    : Loaded RoutePredicateFactory [Host]
2023-11-28T10:45:18.768+05:30  INFO 13600 --- [restartedMain] o.s.c.g.r.RouteDefinitionRouteLocator    : Loaded RoutePredicateFactory [Method]
2023-11-28T10:45:18.768+05:30  INFO 13600 --- [restartedMain] o.s.c.g.r.RouteDefinitionRouteLocator    : Loaded RoutePredicateFactory [Path]
2023-11-28T10:45:18.768+05:30  INFO 13600 --- [restartedMain] o.s.c.g.r.RouteDefinitionRouteLocator    : Loaded RoutePredicateFactory [Query]
2023-11-28T10:45:18.768+05:30  INFO 13600 --- [restartedMain] o.s.c.g.r.RouteDefinitionRouteLocator    : Loaded RoutePredicateFactory [ReadBody]
2023-11-28T10:45:18.768+05:30  INFO 13600 --- [restartedMain] o.s.c.g.r.RouteDefinitionRouteLocator    : Loaded RoutePredicateFactory [RemoteAddr]
2023-11-28T10:45:18.768+05:30  INFO 13600 --- [restartedMain] o.s.c.g.r.RouteDefinitionRouteLocator    : Loaded RoutePredicateFactory [XForwardedRemoteAddr]
2023-11-28T10:45:18.768+05:30  INFO 13600 --- [restartedMain] o.s.c.g.r.RouteDefinitionRouteLocator    : Loaded RoutePredicateFactory [Weight]
2023-11-28T10:45:18.769+05:30  INFO 13600 --- [restartedMain] o.s.c.g.r.RouteDefinitionRouteLocator    : Loaded RoutePredicateFactory [CloudFoundryRouteService]
2023-11-28T10:45:19.119+05:30 DEBUG 13600 --- [restartedMain] s.w.r.r.m.a.RequestMappingHandlerMapping : 3 mappings in 'requestMappingHandlerMapping'
2023-11-28T10:45:19.130+05:30 DEBUG 13600 --- [restartedMain] o.s.w.r.handler.SimpleUrlHandlerMapping  : Patterns [/webjars/**, /**] in 'resourceHandlerMapping'
2023-11-28T10:45:19.328+05:30  INFO 13600 --- [restartedMain] o.s.b.a.e.web.EndpointLinksResolver      : Exposing 1 endpoint(s) beneath base path '/actuator'
2023-11-28T10:45:19.372+05:30 DEBUG 13600 --- [restartedMain] o.s.w.r.r.m.a.ControllerMethodResolver   : ControllerAdvice beans: none
2023-11-28T10:45:19.420+05:30 DEBUG 13600 --- [restartedMain] o.s.w.s.adapter.HttpWebHandlerAdapter    : enableLoggingRequestDetails='false': form data and headers will be masked to prevent unsafe logging of potentially sensitive data
2023-11-28T10:45:19.585+05:30  INFO 13600 --- [restartedMain] o.s.b.w.embedded.tomcat.TomcatWebServer  : Tomcat started on port(s): 9191 (http) with context path ''
2023-11-28T10:45:19.735+05:30  INFO 13600 --- [restartedMain] c.api.gateway.poc.ApiGatewayApplication  : Started ApiGatewayApplication in 4.565 seconds (process running for 5.177)
2023-11-28T10:45:40.618+05:30 DEBUG 13600 --- [http-nio-9191-exec-2] o.s.w.s.adapter.HttpWebHandlerAdapter    : [fd6e76b] HTTP GET "/"
2023-11-28T10:45:40.660+05:30 DEBUG 13600 --- [http-nio-9191-exec-2] s.w.r.r.m.a.RequestMappingHandlerMapping : [fd6e76b] Mapped to com.api.gateway.poc.controller.WebController#getEmployeeView(Model)
2023-11-28T10:45:40.677+05:30  INFO 13600 --- [http-nio-9191-exec-2] c.a.g.poc.controller.WebController       : In APIGateway WebController - About to fetch Employee details
2023-11-28T10:45:40.677+05:30  INFO 13600 --- [http-nio-9191-exec-2] c.a.g.poc.controller.WebController       : In APIGateway RestController - to fetch Employee Details through FeignClient
2023-11-28T10:45:41.160+05:30 DEBUG 13600 --- [http-nio-9191-exec-2] o.s.w.c.HttpMessageConverterExtractor    : Reading to [java.util.List<com.api.gateway.poc.entity.Employee>]
2023-11-28T10:45:41.266+05:30  INFO 13600 --- [http-nio-9191-exec-2] c.a.g.poc.controller.WebController       : listEmployee > [Employee{Id=1, firstName='sample_first1', lastName='sample_last1', email='temp_1poc.com', salary=32943.0, jobNm='software engg', department=Department{departmentId=1, deptName='DEVELOPER'}, leave=Leave{leaveId=1, leaveType='CASUAL', takenLeaves='3', totalLeaves='10', balanceLeaves='7'}}, Employee{Id=2, firstName='sample_first2', lastName='sample_last2', email='temp_2poc.com', salary=65751.0, jobNm='software engg', department=Department{departmentId=1, deptName='DEVELOPER'}, leave=Leave{leaveId=1, leaveType='CASUAL', takenLeaves='3', totalLeaves='10', balanceLeaves='7'}}, Employee{Id=3, firstName='sample_first3', lastName='sample_last3', email='temp_3poc.com', salary=34910.0, jobNm='software engg', department=Department{departmentId=1, deptName='DEVELOPER'}, leave=Leave{leaveId=1, leaveType='CASUAL', takenLeaves='3', totalLeaves='10', balanceLeaves='7'}}, Employee{Id=4, firstName='sample_first4', lastName='sample_last4', email='temp_4poc.com', salary=65825.0, jobNm='software engg', department=Department{departmentId=1, deptName='DEVELOPER'}, leave=Leave{leaveId=1, leaveType='CASUAL', takenLeaves='3', totalLeaves='10', balanceLeaves='7'}}, Employee{Id=5, firstName='sample_first5', lastName='sample_last5', email='temp_5poc.com', salary=63809.0, jobNm='software engg', department=Department{departmentId=1, deptName='DEVELOPER'}, leave=Leave{leaveId=1, leaveType='CASUAL', takenLeaves='3', totalLeaves='10', balanceLeaves='7'}}]
2023-11-28T10:45:41.294+05:30 DEBUG 13600 --- [http-nio-9191-exec-2] o.s.w.r.r.v.ViewResolutionResultHandler  : [fd6e76b] Using 'text/html' given [text/html, application/xhtml+xml, image/avif, image/webp, image/apng, application/xml;q=0.9, */*;q=0.8, application/signed-exchange;v=b3;q=0.7] and supported [text/html, application/xhtml+xml, application/xml, text/xml, application/rss+xml, application/atom+xml, application/javascript, application/ecmascript, text/javascript, text/ecmascript, application/json, text/css, text/plain, text/event-stream]
2023-11-28T10:45:41.476+05:30 DEBUG 13600 --- [parallel-1] o.s.w.s.s.DefaultWebSessionManager       : Created new WebSession.
2023-11-28T10:45:41.894+05:30 DEBUG 13600 --- [parallel-1] o.s.w.s.adapter.HttpWebHandlerAdapter    : [fd6e76b] Completed 200 OK
2023-11-28T10:45:41.952+05:30 DEBUG 13600 --- [http-nio-9191-exec-4] o.s.w.s.adapter.HttpWebHandlerAdapter    : [4c6db3f8] HTTP GET "/favicon.ico"
2023-11-28T10:45:41.969+05:30 DEBUG 13600 --- [http-nio-9191-exec-4] o.s.w.r.handler.SimpleUrlHandlerMapping  : [4c6db3f8] Mapped to ResourceWebHandler [classpath [META-INF/resources/], classpath [resources/], classpath [static/], classpath [public/]]
2023-11-28T10:45:41.972+05:30 DEBUG 13600 --- [http-nio-9191-exec-4] o.s.w.r.resource.ResourceWebHandler      : [4c6db3f8] Resource not found
2023-11-28T10:45:41.994+05:30 DEBUG 13600 --- [http-nio-9191-exec-4] org.springframework.web.HttpLogging      : [4c6db3f8] Resolved [ResponseStatusException: 404 NOT_FOUND] for HTTP GET /favicon.ico
2023-11-28T10:45:42.007+05:30 DEBUG 13600 --- [http-nio-9191-exec-4] org.springframework.web.HttpLogging      : [4c6db3f8] Encoding [{timestamp=Tue Nov 28 10:45:41 IST 2023, path=/favicon.ico, status=404, error=Not Found, message=nul (truncated)...]
2023-11-28T10:45:42.011+05:30 DEBUG 13600 --- [http-nio-9191-exec-5] o.s.w.s.adapter.HttpWebHandlerAdapter    : [4c6db3f8] Completed 404 NOT_FOUND
2023-11-28T10:45:45.491+05:30 DEBUG 13600 --- [http-nio-9191-exec-6] o.s.w.s.adapter.HttpWebHandlerAdapter    : [d4fc7de] HTTP GET "/leaves/1"
2023-11-28T10:45:45.492+05:30 DEBUG 13600 --- [http-nio-9191-exec-6] s.w.r.r.m.a.RequestMappingHandlerMapping : [d4fc7de] Mapped to com.api.gateway.poc.controller.WebController#getLeaveData(int, Model)
2023-11-28T10:45:45.495+05:30  INFO 13600 --- [http-nio-9191-exec-6] c.a.g.poc.controller.WebController       : In APIGateway WebController - About to fetch Leave details
2023-11-28T10:45:45.496+05:30  INFO 13600 --- [http-nio-9191-exec-6] c.a.g.poc.controller.WebController       : In APIGateway RestController - to fetch Leave Details through FeignClient
2023-11-28T10:45:45.813+05:30 DEBUG 13600 --- [http-nio-9191-exec-6] o.s.w.c.HttpMessageConverterExtractor    : Reading to [com.api.gateway.poc.entity.Leave]
2023-11-28T10:45:45.829+05:30 DEBUG 13600 --- [http-nio-9191-exec-6] .s.w.r.r.m.a.ResponseEntityResultHandler : [d4fc7de] Using 'application/json' given [*/*] and supported [application/json, application/*+json, application/x-ndjson, text/event-stream]
2023-11-28T10:45:45.829+05:30 DEBUG 13600 --- [http-nio-9191-exec-6] .s.w.r.r.m.a.ResponseEntityResultHandler : [d4fc7de] 0..1 [com.api.gateway.poc.entity.Leave]
2023-11-28T10:45:45.829+05:30 DEBUG 13600 --- [http-nio-9191-exec-6] org.springframework.web.HttpLogging      : [d4fc7de] Encoding [Leave{leaveId=1, leaveType='CASUAL', takenLeaves='3', totalLeaves='10', balanceLeaves='7'}]
2023-11-28T10:45:45.829+05:30 DEBUG 13600 --- [http-nio-9191-exec-6] o.s.w.s.adapter.HttpWebHandlerAdapter    : [d4fc7de] Completed 200 OK
